shortMessageSDKGUI/build/outputs/mapping/release/seeds.txt
cn.smssdk.R
cn.smssdk.R$array
cn.smssdk.R$string
cn.smssdk.R$style
cn.smssdk.gui.R
cn.smssdk.gui.R$array
cn.smssdk.gui.R$attr
cn.smssdk.gui.R$color
cn.smssdk.gui.R$dimen
cn.smssdk.gui.R$drawable
cn.smssdk.gui.R$id
cn.smssdk.gui.R$layout
cn.smssdk.gui.R$raw
cn.smssdk.gui.R$string
cn.smssdk.gui.R$style