shortMessageSDKGUI/build/outputs/mapping/release/usage.txt
cn.smssdk.gui.AvatarPage
cn.smssdk.gui.AvatarPage$1
cn.smssdk.gui.AvatarPickerPage
cn.smssdk.gui.AvatarPickerPage$GridAdapter
cn.smssdk.gui.BuildConfig
cn.smssdk.gui.CommonDialog
cn.smssdk.gui.ContactDetailPage
cn.smssdk.gui.ContactDetailPage$1
cn.smssdk.gui.ContactDetailPage$2
cn.smssdk.gui.ContactEntry
cn.smssdk.gui.ContactItemMaker
cn.smssdk.gui.ContactsAdapter
cn.smssdk.gui.ContactsListView
cn.smssdk.gui.ContactsListView$1
cn.smssdk.gui.ContactsListView$GroupAdapter
cn.smssdk.gui.ContactsListView$InnerAdapter
cn.smssdk.gui.ContactsPage
cn.smssdk.gui.ContactsPage$1
cn.smssdk.gui.ContactsPage$2
cn.smssdk.gui.ContactsPage$3
cn.smssdk.gui.ContactsPage$3$1
cn.smssdk.gui.ContactsPage$4
cn.smssdk.gui.ContactsPage$5
cn.smssdk.gui.CountryAdapter
cn.smssdk.gui.CountryListView
cn.smssdk.gui.CountryPage
cn.smssdk.gui.CountryPage$1
cn.smssdk.gui.CountryPage$2
cn.smssdk.gui.CountryPage$2$1
cn.smssdk.gui.CountryPage$2$1$1
cn.smssdk.gui.DefaultContactViewItem
cn.smssdk.gui.DefaultContactViewItem$1
cn.smssdk.gui.DefaultContactViewItem$1$1
cn.smssdk.gui.DefaultContactViewItem$ViewHolder
cn.smssdk.gui.DefaultOnSendMessageListener
cn.smssdk.gui.GroupListView
cn.smssdk.gui.GroupListView$1
cn.smssdk.gui.GroupListView$2
cn.smssdk.gui.GroupListView$GroupAdapter
cn.smssdk.gui.GroupListView$InnerAdapter
cn.smssdk.gui.GroupListView$OnItemClickListener
cn.smssdk.gui.IdentifyNumPage
cn.smssdk.gui.IdentifyNumPage$1
cn.smssdk.gui.IdentifyNumPage$10
cn.smssdk.gui.IdentifyNumPage$11
cn.smssdk.gui.IdentifyNumPage$2
cn.smssdk.gui.IdentifyNumPage$2$1
cn.smssdk.gui.IdentifyNumPage$3
cn.smssdk.gui.IdentifyNumPage$4
cn.smssdk.gui.IdentifyNumPage$5
cn.smssdk.gui.IdentifyNumPage$6
cn.smssdk.gui.IdentifyNumPage$6$1
cn.smssdk.gui.IdentifyNumPage$6$2
cn.smssdk.gui.IdentifyNumPage$7
cn.smssdk.gui.IdentifyNumPage$8
cn.smssdk.gui.IdentifyNumPage$9
cn.smssdk.gui.PersonalInfoView
cn.smssdk.gui.PopupDialog
cn.smssdk.gui.PopupDialog$1
cn.smssdk.gui.PopupDialog$2
cn.smssdk.gui.PopupDialog$3
cn.smssdk.gui.RegisterPage
cn.smssdk.gui.RegisterPage$1
cn.smssdk.gui.RegisterPage$1$1
cn.smssdk.gui.RegisterPage$1$1$1
cn.smssdk.gui.RegisterPage$1$1$2
cn.smssdk.gui.RegisterPage$2
cn.smssdk.gui.RegisterPage$3
cn.smssdk.gui.SMSReceiver
cn.smssdk.gui.SearchEngine
cn.smssdk.gui.SearchEngine$1
cn.smssdk.gui.SearchEngine$SearchIndex
cn.smssdk.gui.SearchView
cn.smssdk.gui.SearchView$1
cn.smssdk.gui.SmartVerifyPage
cn.smssdk.gui.SmartVerifyPage$1
cn.smssdk.gui.SmartVerifyPage$2
cn.smssdk.gui.SmartVerifyPage$3
cn.smssdk.gui.SmartVerifyPage$4
cn.smssdk.gui.SmartVerifyPage$5
cn.smssdk.gui.entity.Profile
cn.smssdk.gui.layout.BackVerifyDialogLayout
cn.smssdk.gui.layout.BasePageLayout
cn.smssdk.gui.layout.ContactDetailPageLayout
cn.smssdk.gui.layout.ContactListPageLayout
cn.smssdk.gui.layout.ContactsListviewItemLayout
cn.smssdk.gui.layout.CountryListPageLayout
cn.smssdk.gui.layout.DrawableHelper
cn.smssdk.gui.layout.IdentifyNumPageLayout
cn.smssdk.gui.layout.LayoutFactory
cn.smssdk.gui.layout.ListviewTitleLayout
cn.smssdk.gui.layout.ProgressDialogLayout
cn.smssdk.gui.layout.RegisterPageLayout
cn.smssdk.gui.layout.SendMsgDialogLayout
cn.smssdk.gui.layout.SizeHelper
cn.smssdk.gui.layout.TitleLayout
cn.smssdk.gui.util.Const
cn.smssdk.gui.util.GUISPDB